2018-09-22T05:11:39+00:00 CRITICAL Uncaught Error: Call to undefined function mb_regex_encoding() in /home/delhichaat/public_html/wp-content/plugins/woocommerce-pdf-invoices/vendor/mpdf/mpdf/mpdf.php:1231
Stack trace:
#0 /home/delhichaat/public_html/wp-content/plugins/woocommerce-pdf-invoices/includes/abstracts/abstract-document.php(135): mPDF->__construct('utf-8', '', 0, '', 0, 0, 0, 0, 0, 0, 'P')
#1 /home/delhichaat/public_html/wp-content/plugins/woocommerce-pdf-invoices/includes/abstracts/abstract-invoice.php(327): BEWPI_Abstract_Document->generate('F')
#2 /home/delhichaat/public_html/wp-content/plugins/woocommerce-pdf-invoices/includes/woocommerce-pdf-invoices.php(382): BEWPI_Abstract_Invoice->generate()
#3 /home/delhichaat/public_html/wp-includes/class-wp-hook.php(286): BE_WooCommerce_PDF_Invoices->admin_pdf_callback('')
#4 /home/delhichaat/public_html/wp-includes/class-wp-hook.php(310): WP_Hook->apply_filters(NULL, Array)
#5 /home/delhichaat/public_html/wp-includes/plugin.php(453): WP_Hook->do_action(Array)
#6 /home/delhichaat/public_htm

2018-09-22T05:12:51+00:00 CRITICAL Uncaught Error: Call to undefined function mb_regex_encoding() in /home/delhichaat/public_html/wp-content/plugins/woocommerce-pdf-invoices/vendor/mpdf/mpdf/mpdf.php:1231
Stack trace:
#0 /home/delhichaat/public_html/wp-content/plugins/woocommerce-pdf-invoices/includes/abstracts/abstract-document.php(135): mPDF->__construct('utf-8', '', 0, '', 0, 0, 0, 0, 0, 0, 'P')
#1 /home/delhichaat/public_html/wp-content/plugins/woocommerce-pdf-invoices/includes/abstracts/abstract-invoice.php(327): BEWPI_Abstract_Document->generate('F')
#2 /home/delhichaat/public_html/wp-content/plugins/woocommerce-pdf-invoices/includes/woocommerce-pdf-invoices.php(382): BEWPI_Abstract_Invoice->generate()
#3 /home/delhichaat/public_html/wp-includes/class-wp-hook.php(286): BE_WooCommerce_PDF_Invoices->admin_pdf_callback('')
#4 /home/delhichaat/public_html/wp-includes/class-wp-hook.php(310): WP_Hook->apply_filters(NULL, Array)
#5 /home/delhichaat/public_html/wp-includes/plugin.php(453): WP_Hook->do_action(Array)
#6 /home/delhichaat/public_htm

2018-09-22T05:12:53+00:00 CRITICAL Uncaught Error: Call to undefined function mb_regex_encoding() in /home/delhichaat/public_html/wp-content/plugins/woocommerce-pdf-invoices/vendor/mpdf/mpdf/mpdf.php:1231
Stack trace:
#0 /home/delhichaat/public_html/wp-content/plugins/woocommerce-pdf-invoices/includes/abstracts/abstract-document.php(135): mPDF->__construct('utf-8', '', 0, '', 0, 0, 0, 0, 0, 0, 'P')
#1 /home/delhichaat/public_html/wp-content/plugins/woocommerce-pdf-invoices/includes/abstracts/abstract-invoice.php(327): BEWPI_Abstract_Document->generate('F')
#2 /home/delhichaat/public_html/wp-content/plugins/woocommerce-pdf-invoices/includes/woocommerce-pdf-invoices.php(382): BEWPI_Abstract_Invoice->generate()
#3 /home/delhichaat/public_html/wp-includes/class-wp-hook.php(286): BE_WooCommerce_PDF_Invoices->admin_pdf_callback('')
#4 /home/delhichaat/public_html/wp-includes/class-wp-hook.php(310): WP_Hook->apply_filters(NULL, Array)
#5 /home/delhichaat/public_html/wp-includes/plugin.php(453): WP_Hook->do_action(Array)
#6 /home/delhichaat/public_htm

2018-09-22T05:12:56+00:00 CRITICAL Uncaught Error: Call to undefined function mb_regex_encoding() in /home/delhichaat/public_html/wp-content/plugins/woocommerce-pdf-invoices/vendor/mpdf/mpdf/mpdf.php:1231
Stack trace:
#0 /home/delhichaat/public_html/wp-content/plugins/woocommerce-pdf-invoices/includes/abstracts/abstract-document.php(135): mPDF->__construct('utf-8', '', 0, '', 0, 0, 0, 0, 0, 0, 'P')
#1 /home/delhichaat/public_html/wp-content/plugins/woocommerce-pdf-invoices/includes/abstracts/abstract-invoice.php(327): BEWPI_Abstract_Document->generate('F')
#2 /home/delhichaat/public_html/wp-content/plugins/woocommerce-pdf-invoices/includes/woocommerce-pdf-invoices.php(382): BEWPI_Abstract_Invoice->generate()
#3 /home/delhichaat/public_html/wp-includes/class-wp-hook.php(286): BE_WooCommerce_PDF_Invoices->admin_pdf_callback('')
#4 /home/delhichaat/public_html/wp-includes/class-wp-hook.php(310): WP_Hook->apply_filters(NULL, Array)
#5 /home/delhichaat/public_html/wp-includes/plugin.php(453): WP_Hook->do_action(Array)
#6 /home/delhichaat/public_htm

2018-09-22T05:14:50+00:00 CRITICAL Uncaught Error: Call to undefined function mb_internal_encoding() in /home/delhichaat/public_html/wp-content/plugins/woocommerce-pdf-invoices/vendor/mpdf/mpdf/mpdf.php:1784
Stack trace:
#0 /home/delhichaat/public_html/wp-content/plugins/woocommerce-pdf-invoices/vendor/mpdf/mpdf/mpdf.php(1229): mPDF->setMBencoding('UTF-8')
#1 /home/delhichaat/public_html/wp-content/plugins/woocommerce-pdf-invoices/includes/abstracts/abstract-document.php(135): mPDF->__construct('utf-8', '', 0, '', 0, 0, 0, 0, 0, 0, 'P')
#2 /home/delhichaat/public_html/wp-content/plugins/woocommerce-pdf-invoices/includes/abstracts/abstract-invoice.php(327): BEWPI_Abstract_Document->generate('F')
#3 /home/delhichaat/public_html/wp-content/plugins/woocommerce-pdf-invoices/includes/woocommerce-pdf-invoices.php(382): BEWPI_Abstract_Invoice->generate()
#4 /home/delhichaat/public_html/wp-includes/class-wp-hook.php(286): BE_WooCommerce_PDF_Invoices->admin_pdf_callback('')
#5 /home/delhichaat/public_html/wp-includes/class-wp-hook.php(310): WP_Hook->app

