2018-09-25T02:03:47+00:00 CRITICAL Uncaught Error: Call to undefined method WC_Product_Simple::get_variation_attributes() in /home/delhichaat/public_html/wp-content/plugins/woocommerce/includes/class-wc-ajax.php:647
Stack trace:
#0 /home/delhichaat/public_html/wp-includes/class-wp-hook.php(286): WC_AJAX::add_variation('')
#1 /home/delhichaat/public_html/wp-includes/class-wp-hook.php(310): WP_Hook->apply_filters('', Array)
#2 /home/delhichaat/public_html/wp-includes/plugin.php(453): WP_Hook->do_action(Array)
#3 /home/delhichaat/public_html/wp-admin/admin-ajax.php(100): do_action('wp_ajax_woocomm...')
#4 {main}
  thrown

2018-09-25T12:05:52+00:00 CRITICAL Uncaught Exception: Invalid order. in /home/delhichaat/public_html/wp-content/plugins/woocommerce/includes/data-stores/abstract-wc-order-data-store-cpt.php:100
Stack trace:
#0 /home/delhichaat/public_html/wp-content/plugins/woocommerce/includes/class-wc-data-store.php(156): Abstract_WC_Order_Data_Store_CPT->read(Object(WC_Order))
#1 /home/delhichaat/public_html/wp-content/plugins/woocommerce/includes/abstracts/abstract-wc-order.php(111): WC_Data_Store->read(Object(WC_Order))
#2 /home/delhichaat/public_html/wp-content/plugins/woo-discount-admin-backoffice/includes/class-dm-apply-order-discount.php(31): WC_Abstract_Order->__construct(237)
#3 /home/delhichaat/public_html/wp-includes/class-wp-hook.php(288): DM_Apply_Order_Discount->add_apply_discount_container('product')
#4 /home/delhichaat/public_html/wp-includes/class-wp-hook.php(310): WP_Hook->apply_filters('', Array)
#5 /home/delhichaat/public_html/wp-includes/plugin.php(453): WP_Hook->do_action(Array)
#6 /home/delhichaat/public_html/wp-admin/edit-form-advanc

2018-09-25T12:05:56+00:00 CRITICAL Uncaught Exception: Invalid order. in /home/delhichaat/public_html/wp-content/plugins/woocommerce/includes/data-stores/abstract-wc-order-data-store-cpt.php:100
Stack trace:
#0 /home/delhichaat/public_html/wp-content/plugins/woocommerce/includes/class-wc-data-store.php(156): Abstract_WC_Order_Data_Store_CPT->read(Object(WC_Order))
#1 /home/delhichaat/public_html/wp-content/plugins/woocommerce/includes/abstracts/abstract-wc-order.php(111): WC_Data_Store->read(Object(WC_Order))
#2 /home/delhichaat/public_html/wp-content/plugins/woo-discount-admin-backoffice/includes/class-dm-apply-order-discount.php(31): WC_Abstract_Order->__construct(237)
#3 /home/delhichaat/public_html/wp-includes/class-wp-hook.php(288): DM_Apply_Order_Discount->add_apply_discount_container('product')
#4 /home/delhichaat/public_html/wp-includes/class-wp-hook.php(310): WP_Hook->apply_filters('', Array)
#5 /home/delhichaat/public_html/wp-includes/plugin.php(453): WP_Hook->do_action(Array)
#6 /home/delhichaat/public_html/wp-admin/edit-form-advanc

2018-09-25T12:05:58+00:00 CRITICAL Uncaught Exception: Invalid order. in /home/delhichaat/public_html/wp-content/plugins/woocommerce/includes/data-stores/abstract-wc-order-data-store-cpt.php:100
Stack trace:
#0 /home/delhichaat/public_html/wp-content/plugins/woocommerce/includes/class-wc-data-store.php(156): Abstract_WC_Order_Data_Store_CPT->read(Object(WC_Order))
#1 /home/delhichaat/public_html/wp-content/plugins/woocommerce/includes/abstracts/abstract-wc-order.php(111): WC_Data_Store->read(Object(WC_Order))
#2 /home/delhichaat/public_html/wp-content/plugins/woo-discount-admin-backoffice/includes/class-dm-apply-order-discount.php(31): WC_Abstract_Order->__construct(237)
#3 /home/delhichaat/public_html/wp-includes/class-wp-hook.php(288): DM_Apply_Order_Discount->add_apply_discount_container('product')
#4 /home/delhichaat/public_html/wp-includes/class-wp-hook.php(310): WP_Hook->apply_filters('', Array)
#5 /home/delhichaat/public_html/wp-includes/plugin.php(453): WP_Hook->do_action(Array)
#6 /home/delhichaat/public_html/wp-admin/edit-form-advanc

2018-09-25T12:06:04+00:00 CRITICAL Uncaught Exception: Invalid order. in /home/delhichaat/public_html/wp-content/plugins/woocommerce/includes/data-stores/abstract-wc-order-data-store-cpt.php:100
Stack trace:
#0 /home/delhichaat/public_html/wp-content/plugins/woocommerce/includes/class-wc-data-store.php(156): Abstract_WC_Order_Data_Store_CPT->read(Object(WC_Order))
#1 /home/delhichaat/public_html/wp-content/plugins/woocommerce/includes/abstracts/abstract-wc-order.php(111): WC_Data_Store->read(Object(WC_Order))
#2 /home/delhichaat/public_html/wp-content/plugins/woo-discount-admin-backoffice/includes/class-dm-apply-order-discount.php(31): WC_Abstract_Order->__construct(237)
#3 /home/delhichaat/public_html/wp-includes/class-wp-hook.php(288): DM_Apply_Order_Discount->add_apply_discount_container('product')
#4 /home/delhichaat/public_html/wp-includes/class-wp-hook.php(310): WP_Hook->apply_filters('', Array)
#5 /home/delhichaat/public_html/wp-includes/plugin.php(453): WP_Hook->do_action(Array)
#6 /home/delhichaat/public_html/wp-admin/edit-form-advanc

2018-09-25T12:06:30+00:00 CRITICAL Uncaught Exception: Invalid order. in /home/delhichaat/public_html/wp-content/plugins/woocommerce/includes/data-stores/abstract-wc-order-data-store-cpt.php:100
Stack trace:
#0 /home/delhichaat/public_html/wp-content/plugins/woocommerce/includes/class-wc-data-store.php(156): Abstract_WC_Order_Data_Store_CPT->read(Object(WC_Order))
#1 /home/delhichaat/public_html/wp-content/plugins/woocommerce/includes/abstracts/abstract-wc-order.php(111): WC_Data_Store->read(Object(WC_Order))
#2 /home/delhichaat/public_html/wp-content/plugins/woo-discount-admin-backoffice/includes/class-dm-apply-order-discount.php(31): WC_Abstract_Order->__construct(237)
#3 /home/delhichaat/public_html/wp-includes/class-wp-hook.php(288): DM_Apply_Order_Discount->add_apply_discount_container('product')
#4 /home/delhichaat/public_html/wp-includes/class-wp-hook.php(310): WP_Hook->apply_filters('', Array)
#5 /home/delhichaat/public_html/wp-includes/plugin.php(453): WP_Hook->do_action(Array)
#6 /home/delhichaat/public_html/wp-admin/edit-form-advanc

2018-09-25T12:06:33+00:00 CRITICAL Uncaught Exception: Invalid order. in /home/delhichaat/public_html/wp-content/plugins/woocommerce/includes/data-stores/abstract-wc-order-data-store-cpt.php:100
Stack trace:
#0 /home/delhichaat/public_html/wp-content/plugins/woocommerce/includes/class-wc-data-store.php(156): Abstract_WC_Order_Data_Store_CPT->read(Object(WC_Order))
#1 /home/delhichaat/public_html/wp-content/plugins/woocommerce/includes/abstracts/abstract-wc-order.php(111): WC_Data_Store->read(Object(WC_Order))
#2 /home/delhichaat/public_html/wp-content/plugins/woo-discount-admin-backoffice/includes/class-dm-apply-order-discount.php(31): WC_Abstract_Order->__construct(241)
#3 /home/delhichaat/public_html/wp-includes/class-wp-hook.php(288): DM_Apply_Order_Discount->add_apply_discount_container('product')
#4 /home/delhichaat/public_html/wp-includes/class-wp-hook.php(310): WP_Hook->apply_filters('', Array)
#5 /home/delhichaat/public_html/wp-includes/plugin.php(453): WP_Hook->do_action(Array)
#6 /home/delhichaat/public_html/wp-admin/edit-form-advanc

2018-09-25T12:06:53+00:00 CRITICAL Uncaught Exception: Invalid order. in /home/delhichaat/public_html/wp-content/plugins/woocommerce/includes/data-stores/abstract-wc-order-data-store-cpt.php:100
Stack trace:
#0 /home/delhichaat/public_html/wp-content/plugins/woocommerce/includes/class-wc-data-store.php(156): Abstract_WC_Order_Data_Store_CPT->read(Object(WC_Order))
#1 /home/delhichaat/public_html/wp-content/plugins/woocommerce/includes/abstracts/abstract-wc-order.php(111): WC_Data_Store->read(Object(WC_Order))
#2 /home/delhichaat/public_html/wp-content/plugins/woo-discount-admin-backoffice/includes/class-dm-apply-order-discount.php(31): WC_Abstract_Order->__construct(230)
#3 /home/delhichaat/public_html/wp-includes/class-wp-hook.php(288): DM_Apply_Order_Discount->add_apply_discount_container('product')
#4 /home/delhichaat/public_html/wp-includes/class-wp-hook.php(310): WP_Hook->apply_filters('', Array)
#5 /home/delhichaat/public_html/wp-includes/plugin.php(453): WP_Hook->do_action(Array)
#6 /home/delhichaat/public_html/wp-admin/edit-form-advanc

2018-09-25T12:07:28+00:00 CRITICAL Uncaught Exception: Invalid order. in /home/delhichaat/public_html/wp-content/plugins/woocommerce/includes/data-stores/abstract-wc-order-data-store-cpt.php:100
Stack trace:
#0 /home/delhichaat/public_html/wp-content/plugins/woocommerce/includes/class-wc-data-store.php(156): Abstract_WC_Order_Data_Store_CPT->read(Object(WC_Order))
#1 /home/delhichaat/public_html/wp-content/plugins/woocommerce/includes/abstracts/abstract-wc-order.php(111): WC_Data_Store->read(Object(WC_Order))
#2 /home/delhichaat/public_html/wp-content/plugins/woo-discount-admin-backoffice/includes/class-dm-apply-order-discount.php(31): WC_Abstract_Order->__construct(242)
#3 /home/delhichaat/public_html/wp-includes/class-wp-hook.php(288): DM_Apply_Order_Discount->add_apply_discount_container('product')
#4 /home/delhichaat/public_html/wp-includes/class-wp-hook.php(310): WP_Hook->apply_filters('', Array)
#5 /home/delhichaat/public_html/wp-includes/plugin.php(453): WP_Hook->do_action(Array)
#6 /home/delhichaat/public_html/wp-admin/edit-form-advanc

2018-09-25T12:07:38+00:00 CRITICAL Uncaught Exception: Invalid order. in /home/delhichaat/public_html/wp-content/plugins/woocommerce/includes/data-stores/abstract-wc-order-data-store-cpt.php:100
Stack trace:
#0 /home/delhichaat/public_html/wp-content/plugins/woocommerce/includes/class-wc-data-store.php(156): Abstract_WC_Order_Data_Store_CPT->read(Object(WC_Order))
#1 /home/delhichaat/public_html/wp-content/plugins/woocommerce/includes/abstracts/abstract-wc-order.php(111): WC_Data_Store->read(Object(WC_Order))
#2 /home/delhichaat/public_html/wp-content/plugins/woo-discount-admin-backoffice/includes/class-dm-apply-order-discount.php(31): WC_Abstract_Order->__construct(242)
#3 /home/delhichaat/public_html/wp-includes/class-wp-hook.php(288): DM_Apply_Order_Discount->add_apply_discount_container('product')
#4 /home/delhichaat/public_html/wp-includes/class-wp-hook.php(310): WP_Hook->apply_filters('', Array)
#5 /home/delhichaat/public_html/wp-includes/plugin.php(453): WP_Hook->do_action(Array)
#6 /home/delhichaat/public_html/wp-admin/edit-form-advanc

2018-09-25T12:07:54+00:00 CRITICAL Uncaught Exception: Invalid order. in /home/delhichaat/public_html/wp-content/plugins/woocommerce/includes/data-stores/abstract-wc-order-data-store-cpt.php:100
Stack trace:
#0 /home/delhichaat/public_html/wp-content/plugins/woocommerce/includes/class-wc-data-store.php(156): Abstract_WC_Order_Data_Store_CPT->read(Object(WC_Order))
#1 /home/delhichaat/public_html/wp-content/plugins/woocommerce/includes/abstracts/abstract-wc-order.php(111): WC_Data_Store->read(Object(WC_Order))
#2 /home/delhichaat/public_html/wp-content/plugins/woo-discount-admin-backoffice/includes/class-dm-apply-order-discount.php(31): WC_Abstract_Order->__construct(242)
#3 /home/delhichaat/public_html/wp-includes/class-wp-hook.php(288): DM_Apply_Order_Discount->add_apply_discount_container('product')
#4 /home/delhichaat/public_html/wp-includes/class-wp-hook.php(310): WP_Hook->apply_filters('', Array)
#5 /home/delhichaat/public_html/wp-includes/plugin.php(453): WP_Hook->do_action(Array)
#6 /home/delhichaat/public_html/wp-admin/edit-form-advanc

