2018-09-25T23:53:48+00:00 CRITICAL Uncaught Exception: Invalid order. in /home/delhichaat/public_html/wp-content/plugins/woocommerce/includes/data-stores/abstract-wc-order-data-store-cpt.php:100
Stack trace:
#0 /home/delhichaat/public_html/wp-content/plugins/woocommerce/includes/class-wc-data-store.php(156): Abstract_WC_Order_Data_Store_CPT->read(Object(WC_Order))
#1 /home/delhichaat/public_html/wp-content/plugins/woocommerce/includes/abstracts/abstract-wc-order.php(111): WC_Data_Store->read(Object(WC_Order))
#2 /home/delhichaat/public_html/wp-content/plugins/woo-discount-admin-backoffice/includes/class-dm-apply-order-discount.php(31): WC_Abstract_Order->__construct(242)
#3 /home/delhichaat/public_html/wp-includes/class-wp-hook.php(288): DM_Apply_Order_Discount->add_apply_discount_container('product')
#4 /home/delhichaat/public_html/wp-includes/class-wp-hook.php(310): WP_Hook->apply_filters('', Array)
#5 /home/delhichaat/public_html/wp-includes/plugin.php(453): WP_Hook->do_action(Array)
#6 /home/delhichaat/public_html/wp-admin/edit-form-advanc

2018-09-25T23:54:01+00:00 CRITICAL Uncaught Exception: Invalid order. in /home/delhichaat/public_html/wp-content/plugins/woocommerce/includes/data-stores/abstract-wc-order-data-store-cpt.php:100
Stack trace:
#0 /home/delhichaat/public_html/wp-content/plugins/woocommerce/includes/class-wc-data-store.php(156): Abstract_WC_Order_Data_Store_CPT->read(Object(WC_Order))
#1 /home/delhichaat/public_html/wp-content/plugins/woocommerce/includes/abstracts/abstract-wc-order.php(111): WC_Data_Store->read(Object(WC_Order))
#2 /home/delhichaat/public_html/wp-content/plugins/woo-discount-admin-backoffice/includes/class-dm-apply-order-discount.php(31): WC_Abstract_Order->__construct(241)
#3 /home/delhichaat/public_html/wp-includes/class-wp-hook.php(288): DM_Apply_Order_Discount->add_apply_discount_container('product')
#4 /home/delhichaat/public_html/wp-includes/class-wp-hook.php(310): WP_Hook->apply_filters('', Array)
#5 /home/delhichaat/public_html/wp-includes/plugin.php(453): WP_Hook->do_action(Array)
#6 /home/delhichaat/public_html/wp-admin/edit-form-advanc

2018-09-25T23:57:14+00:00 CRITICAL Uncaught Exception: Invalid order. in /home/delhichaat/public_html/wp-content/plugins/woocommerce/includes/data-stores/abstract-wc-order-data-store-cpt.php:100
Stack trace:
#0 /home/delhichaat/public_html/wp-content/plugins/woocommerce/includes/class-wc-data-store.php(156): Abstract_WC_Order_Data_Store_CPT->read(Object(WC_Order))
#1 /home/delhichaat/public_html/wp-content/plugins/woocommerce/includes/abstracts/abstract-wc-order.php(111): WC_Data_Store->read(Object(WC_Order))
#2 /home/delhichaat/public_html/wp-content/plugins/woo-discount-admin-backoffice/includes/class-dm-apply-order-discount.php(31): WC_Abstract_Order->__construct(241)
#3 /home/delhichaat/public_html/wp-includes/class-wp-hook.php(288): DM_Apply_Order_Discount->add_apply_discount_container('product')
#4 /home/delhichaat/public_html/wp-includes/class-wp-hook.php(310): WP_Hook->apply_filters('', Array)
#5 /home/delhichaat/public_html/wp-includes/plugin.php(453): WP_Hook->do_action(Array)
#6 /home/delhichaat/public_html/wp-admin/edit-form-advanc

2018-09-26T00:02:31+00:00 CRITICAL Uncaught Exception: Invalid order. in /home/delhichaat/public_html/wp-content/plugins/woocommerce/includes/data-stores/abstract-wc-order-data-store-cpt.php:100
Stack trace:
#0 /home/delhichaat/public_html/wp-content/plugins/woocommerce/includes/class-wc-data-store.php(156): Abstract_WC_Order_Data_Store_CPT->read(Object(WC_Order))
#1 /home/delhichaat/public_html/wp-content/plugins/woocommerce/includes/abstracts/abstract-wc-order.php(111): WC_Data_Store->read(Object(WC_Order))
#2 /home/delhichaat/public_html/wp-content/plugins/woo-discount-admin-backoffice/includes/class-dm-apply-order-discount.php(31): WC_Abstract_Order->__construct(242)
#3 /home/delhichaat/public_html/wp-includes/class-wp-hook.php(288): DM_Apply_Order_Discount->add_apply_discount_container('product')
#4 /home/delhichaat/public_html/wp-includes/class-wp-hook.php(310): WP_Hook->apply_filters('', Array)
#5 /home/delhichaat/public_html/wp-includes/plugin.php(453): WP_Hook->do_action(Array)
#6 /home/delhichaat/public_html/wp-admin/edit-form-advanc

2018-09-26T00:09:11+00:00 CRITICAL Uncaught Exception: Invalid order. in /home/delhichaat/public_html/wp-content/plugins/woocommerce/includes/data-stores/abstract-wc-order-data-store-cpt.php:100
Stack trace:
#0 /home/delhichaat/public_html/wp-content/plugins/woocommerce/includes/class-wc-data-store.php(156): Abstract_WC_Order_Data_Store_CPT->read(Object(WC_Order))
#1 /home/delhichaat/public_html/wp-content/plugins/woocommerce/includes/abstracts/abstract-wc-order.php(111): WC_Data_Store->read(Object(WC_Order))
#2 /home/delhichaat/public_html/wp-content/plugins/woo-discount-admin-backoffice/includes/class-dm-apply-order-discount.php(31): WC_Abstract_Order->__construct(239)
#3 /home/delhichaat/public_html/wp-includes/class-wp-hook.php(288): DM_Apply_Order_Discount->add_apply_discount_container('product')
#4 /home/delhichaat/public_html/wp-includes/class-wp-hook.php(310): WP_Hook->apply_filters('', Array)
#5 /home/delhichaat/public_html/wp-includes/plugin.php(453): WP_Hook->do_action(Array)
#6 /home/delhichaat/public_html/wp-admin/edit-form-advanc

2018-09-26T00:09:27+00:00 CRITICAL Uncaught Exception: Invalid order. in /home/delhichaat/public_html/wp-content/plugins/woocommerce/includes/data-stores/abstract-wc-order-data-store-cpt.php:100
Stack trace:
#0 /home/delhichaat/public_html/wp-content/plugins/woocommerce/includes/class-wc-data-store.php(156): Abstract_WC_Order_Data_Store_CPT->read(Object(WC_Order))
#1 /home/delhichaat/public_html/wp-content/plugins/woocommerce/includes/abstracts/abstract-wc-order.php(111): WC_Data_Store->read(Object(WC_Order))
#2 /home/delhichaat/public_html/wp-content/plugins/woo-discount-admin-backoffice/includes/class-dm-apply-order-discount.php(31): WC_Abstract_Order->__construct(228)
#3 /home/delhichaat/public_html/wp-includes/class-wp-hook.php(288): DM_Apply_Order_Discount->add_apply_discount_container('product')
#4 /home/delhichaat/public_html/wp-includes/class-wp-hook.php(310): WP_Hook->apply_filters('', Array)
#5 /home/delhichaat/public_html/wp-includes/plugin.php(453): WP_Hook->do_action(Array)
#6 /home/delhichaat/public_html/wp-admin/edit-form-advanc

